<?xml version="1.0" encoding="UTF-8"?>
<testsuite xmlns:xsi="http://www.w3.org/2001/XMLSchema-instance" xsi:noNamespaceSchemaLocation="https://maven.apache.org/surefire/maven-surefire-plugin/xsd/surefire-test-report.xsd" name="com.example.AppTest" time="0.032" tests="3" errors="0" skipped="0" failures="0">
  <properties>
[...]
</properties>
  <testcase name="testPerformanceAndReproducibility" classname="com.example.AppTest" time="0.003"/>
  <testcase name="testDisconnectedGraphHandledGracefully" classname="com.example.AppTest" time="0.001"/>
  <testcase name="testMSTCorrectnessAndConsistency" classname="com.example.AppTest" time="0.001"/>
</testsuite>